Release 14.7 - xst P.20131013 (nt64)
Copyright (c) 1995-2013 Xilinx, Inc.  All rights reserved.
--> Parameter TMPDIR set to xst/projnav.tmp


Total REAL time to Xst completion: 0.00 secs
Total CPU time to Xst completion: 0.11 secs
 
--> Parameter xsthdpdir set to xst


Total REAL time to Xst completion: 0.00 secs
Total CPU time to Xst completion: 0.11 secs
 
--> Reading design: bpsk_modulator_fsm.prj

TABLE OF CONTENTS
  1) Synthesis Options Summary
  2) HDL Compilation
  3) Design Hierarchy Analysis
  4) HDL Analysis
  5) HDL Synthesis
     5.1) HDL Synthesis Report
  6) Advanced HDL Synthesis
     6.1) Advanced HDL Synthesis Report
  7) Low Level Synthesis
  8) Partition Report
  9) Final Report

=========================================================================
*                      Synthesis Options Summary                        *
=========================================================================
---- Source Parameters
Input File Name                    : "bpsk_modulator_fsm.prj"
Input Format                       : mixed
Ignore Synthesis Constraint File   : NO

---- Target Parameters
Output File Name                   : "bpsk_modulator_fsm"
Output Format                      : NGC
Target Device                      : CoolRunner2 CPLDs

---- Source Options
Top Module Name                    : bpsk_modulator_fsm
Automatic FSM Extraction           : YES
FSM Encoding Algorithm             : Auto
Safe Implementation                : No
Mux Extraction                     : Yes
Resource Sharing                   : YES

---- Target Options
Add IO Buffers                     : YES
MACRO Preserve                     : YES
XOR Preserve                       : YES
Equivalent register Removal        : YES

---- General Options
Optimization Goal                  : Speed
Optimization Effort                : 1
Keep Hierarchy                     : Yes
Netlist Hierarchy                  : As_Optimized
RTL Output                         : Yes
Hierarchy Separator                : /
Bus Delimiter                      : <>
Case Specifier                     : Maintain
Verilog 2001                       : YES

---- Other Options
Clock Enable                       : YES
wysiwyg                            : NO

=========================================================================


=========================================================================
*                          HDL Compilation                              *
=========================================================================
Compiling verilog file "bpsk.v" in library work
Module <bpsk_modulator_fsm> compiled
No errors in compilation
Analysis of file <"bpsk_modulator_fsm.prj"> succeeded.
 

=========================================================================
*                     Design Hierarchy Analysis                         *
=========================================================================
Analyzing hierarchy for module <bpsk_modulator_fsm> in library <work> with parameters.
	CLK_CYCLES_PER_SYMBOL = "00000000000000000000001000100000"
	DATA_SEQUENCE = "00011011000111100001101100011110000110110001111000011011000111100001101100011110000110110001111000011011000111100001101100011110"
	STATE_IDLE = "0"
	STATE_SENDING = "1"


=========================================================================
*                            HDL Analysis                               *
=========================================================================
Analyzing top module <bpsk_modulator_fsm>.
	CLK_CYCLES_PER_SYMBOL = 32'sb00000000000000000000001000100000
	DATA_SEQUENCE = 128'b00011011000111100001101100011110000110110001111000011011000111100001101100011110000110110001111000011011000111100001101100011110
	STATE_IDLE = 1'b0
	STATE_SENDING = 1'b1
Module <bpsk_modulator_fsm> is correct for synthesis.
 

=========================================================================
*                           HDL Synthesis                               *
=========================================================================

Performing bidirectional port resolution...

Synthesizing Unit <bpsk_modulator_fsm>.
    Related source file is "bpsk.v".
    Found 128x1-bit ROM for signal <$COND_3>.
    Found 7-bit up counter for signal <bit_counter>.
    Found 1-bit register for signal <bpsk_out_reg>.
    Found 1-bit xor2 for signal <bpsk_out_reg$xor0000> created at line 90.
    Found 1-bit register for signal <carrier_gen>.
    Found 1-bit register for signal <state_reg>.
    Found 10-bit up counter for signal <symbol_rate_counter>.
    Summary:
	inferred   1 ROM(s).
	inferred   2 Counter(s).
	inferred   2 D-type flip-flop(s).
	inferred   1 Xor(s).
Unit <bpsk_modulator_fsm> synthesized.


=========================================================================
HDL Synthesis Report

Macro Statistics
# ROMs                                                 : 1
 128x1-bit ROM                                         : 1
# Counters                                             : 2
 10-bit up counter                                     : 1
 7-bit up counter                                      : 1
# Registers                                            : 3
 1-bit register                                        : 3
# Xors                                                 : 1
 1-bit xor2                                            : 1

=========================================================================

=========================================================================
*                       Advanced HDL Synthesis                          *
=========================================================================


=========================================================================
Advanced HDL Synthesis Report

Macro Statistics
# ROMs                                                 : 1
 128x1-bit ROM                                         : 1
# Counters                                             : 2
 10-bit up counter                                     : 1
 7-bit up counter                                      : 1
# Registers                                            : 2
 Flip-Flops                                            : 2

=========================================================================

=========================================================================
*                         Low Level Synthesis                           *
=========================================================================

Optimizing unit <bpsk_modulator_fsm> ...

=========================================================================
*                           Partition Report                            *
=========================================================================

Partition Implementation Status
-------------------------------

  No Partitions were found in this design.

-------------------------------

=========================================================================
*                            Final Report                               *
=========================================================================
Final Results
RTL Top Level Output File Name     : bpsk_modulator_fsm.ngr
Top Level Output File Name         : bpsk_modulator_fsm
Output Format                      : NGC
Optimization Goal                  : Speed
Keep Hierarchy                     : Yes
Target Technology                  : CoolRunner2 CPLDs
Macro Preserve                     : YES
XOR Preserve                       : YES
Clock Enable                       : YES
wysiwyg                            : NO

Design Statistics
# IOs                              : 2

Cell Usage :
# BELS                             : 90
#      AND2                        : 39
#      AND3                        : 1
#      AND4                        : 1
#      AND7                        : 1
#      GND                         : 1
#      INV                         : 28
#      OR2                         : 3
#      XOR2                        : 16
# FlipFlops/Latches                : 20
#      FD                          : 12
#      FDCE                        : 8
# IO Buffers                       : 2
#      IBUF                        : 1
#      OBUF                        : 1
=========================================================================


Total REAL time to Xst completion: 2.00 secs
Total CPU time to Xst completion: 1.90 secs
 
--> 

Total memory usage is 4515184 kilobytes

Number of errors   :    0 (   0 filtered)
Number of warnings :    0 (   0 filtered)
Number of infos    :    0 (   0 filtered)

