Release 14.7 - xst P.20131013 (nt64)
Copyright (c) 1995-2013 Xilinx, Inc.  All rights reserved.
--> Parameter TMPDIR set to xst/projnav.tmp


Total REAL time to Xst completion: 0.00 secs
Total CPU time to Xst completion: 0.09 secs
 
--> Parameter xsthdpdir set to xst


Total REAL time to Xst completion: 0.00 secs
Total CPU time to Xst completion: 0.09 secs
 
--> Reading design: multi_clk_generator_no_reset.prj

TABLE OF CONTENTS
  1) Synthesis Options Summary
  2) HDL Compilation
  3) Design Hierarchy Analysis
  4) HDL Analysis
  5) HDL Synthesis
     5.1) HDL Synthesis Report
  6) Advanced HDL Synthesis
     6.1) Advanced HDL Synthesis Report
  7) Low Level Synthesis
  8) Partition Report
  9) Final Report

=========================================================================
*                      Synthesis Options Summary                        *
=========================================================================
---- Source Parameters
Input File Name                    : "multi_clk_generator_no_reset.prj"
Input Format                       : mixed
Ignore Synthesis Constraint File   : NO

---- Target Parameters
Output File Name                   : "multi_clk_generator_no_reset"
Output Format                      : NGC
Target Device                      : CoolRunner2 CPLDs

---- Source Options
Top Module Name                    : multi_clk_generator_no_reset
Automatic FSM Extraction           : YES
FSM Encoding Algorithm             : Auto
Safe Implementation                : No
Mux Extraction                     : Yes
Resource Sharing                   : YES

---- Target Options
Add IO Buffers                     : YES
MACRO Preserve                     : YES
XOR Preserve                       : YES
Equivalent register Removal        : YES

---- General Options
Optimization Goal                  : Speed
Optimization Effort                : 1
Keep Hierarchy                     : Yes
Netlist Hierarchy                  : As_Optimized
RTL Output                         : Yes
Hierarchy Separator                : /
Bus Delimiter                      : <>
Case Specifier                     : Maintain
Verilog 2001                       : YES

---- Other Options
Clock Enable                       : YES
wysiwyg                            : NO

=========================================================================


=========================================================================
*                          HDL Compilation                              *
=========================================================================
Compiling verilog file "bpsk.v" in library work
Module <multi_clk_generator_no_reset> compiled
No errors in compilation
Analysis of file <"multi_clk_generator_no_reset.prj"> succeeded.
 

=========================================================================
*                     Design Hierarchy Analysis                         *
=========================================================================
Analyzing hierarchy for module <multi_clk_generator_no_reset> in library <work> with parameters.
	DIV_FACTOR_14K = "00000000000000000000001000100000"
	MAX_COUNT_14K = "00000000000000000000001000011111"
	TOGGLE_POINT_14K = "00000000000000000000000100010000"


=========================================================================
*                            HDL Analysis                               *
=========================================================================
Analyzing top module <multi_clk_generator_no_reset>.
	DIV_FACTOR_14K = 32'sb00000000000000000000001000100000
	MAX_COUNT_14K = 32'sb00000000000000000000001000011111
	TOGGLE_POINT_14K = 32'sb00000000000000000000000100010000
Module <multi_clk_generator_no_reset> is correct for synthesis.
 

=========================================================================
*                           HDL Synthesis                               *
=========================================================================

Performing bidirectional port resolution...

Synthesizing Unit <multi_clk_generator_no_reset>.
    Related source file is "bpsk.v".
    Found 1-bit register for signal <clk_out_14k>.
    Found 1-bit register for signal <clk_out_3_84M>.
    Found 10-bit comparator less for signal <clk_out_14k$cmp_lt0000> created at line 50.
    Found 10-bit up counter for signal <counter_14k>.
    Summary:
	inferred   1 Counter(s).
	inferred   1 D-type flip-flop(s).
	inferred   1 Comparator(s).
Unit <multi_clk_generator_no_reset> synthesized.


=========================================================================
HDL Synthesis Report

Macro Statistics
# Counters                                             : 1
 10-bit up counter                                     : 1
# Registers                                            : 2
 1-bit register                                        : 2
# Comparators                                          : 1
 10-bit comparator less                                : 1

=========================================================================

=========================================================================
*                       Advanced HDL Synthesis                          *
=========================================================================


=========================================================================
Advanced HDL Synthesis Report

Macro Statistics
# Counters                                             : 1
 10-bit up counter                                     : 1
# Registers                                            : 1
 Flip-Flops                                            : 1

=========================================================================

=========================================================================
*                         Low Level Synthesis                           *
=========================================================================

Optimizing unit <multi_clk_generator_no_reset> ...
  implementation constraint: INIT=r	 : clk_out_3_84M
  implementation constraint: INIT=r	 : clk_out_14k
  implementation constraint: INIT=r	 : counter_14k_9
  implementation constraint: INIT=r	 : counter_14k_8
  implementation constraint: INIT=r	 : counter_14k_0
  implementation constraint: INIT=r	 : counter_14k_1
  implementation constraint: INIT=r	 : counter_14k_2
  implementation constraint: INIT=r	 : counter_14k_3
  implementation constraint: INIT=r	 : counter_14k_4
  implementation constraint: INIT=r	 : counter_14k_5
  implementation constraint: INIT=r	 : counter_14k_6
  implementation constraint: INIT=r	 : counter_14k_7

=========================================================================
*                           Partition Report                            *
=========================================================================

Partition Implementation Status
-------------------------------

  No Partitions were found in this design.

-------------------------------

=========================================================================
*                            Final Report                               *
=========================================================================
Final Results
RTL Top Level Output File Name     : multi_clk_generator_no_reset.ngr
Top Level Output File Name         : multi_clk_generator_no_reset
Output Format                      : NGC
Optimization Goal                  : Speed
Keep Hierarchy                     : Yes
Target Technology                  : CoolRunner2 CPLDs
Macro Preserve                     : YES
XOR Preserve                       : YES
Clock Enable                       : YES
wysiwyg                            : NO

Design Statistics
# IOs                              : 3

Cell Usage :
# BELS                             : 56
#      AND2                        : 22
#      AND3                        : 1
#      AND4                        : 2
#      INV                         : 21
#      OR2                         : 1
#      XOR2                        : 9
# FlipFlops/Latches                : 12
#      FD                          : 12
# IO Buffers                       : 3
#      IBUF                        : 1
#      OBUF                        : 2
=========================================================================


Total REAL time to Xst completion: 2.00 secs
Total CPU time to Xst completion: 1.74 secs
 
--> 

Total memory usage is 4515136 kilobytes

Number of errors   :    0 (   0 filtered)
Number of warnings :    0 (   0 filtered)
Number of infos    :    0 (   0 filtered)

