Release 14.7 - xst P.20131013 (nt64)
Copyright (c) 1995-2013 Xilinx, Inc.  All rights reserved.
--> Parameter TMPDIR set to xst/projnav.tmp


Total REAL time to Xst completion: 0.00 secs
Total CPU time to Xst completion: 0.09 secs
 
--> Parameter xsthdpdir set to xst


Total REAL time to Xst completion: 0.00 secs
Total CPU time to Xst completion: 0.09 secs
 
--> Reading design: psk_modulator.prj

TABLE OF CONTENTS
  1) Synthesis Options Summary
  2) HDL Compilation
  3) Design Hierarchy Analysis
  4) HDL Analysis
  5) HDL Synthesis
     5.1) HDL Synthesis Report
  6) Advanced HDL Synthesis
     6.1) Advanced HDL Synthesis Report
  7) Low Level Synthesis
  8) Partition Report
  9) Final Report

=========================================================================
*                      Synthesis Options Summary                        *
=========================================================================
---- Source Parameters
Input File Name                    : "psk_modulator.prj"
Input Format                       : mixed
Ignore Synthesis Constraint File   : NO

---- Target Parameters
Output File Name                   : "psk_modulator"
Output Format                      : NGC
Target Device                      : CoolRunner2 CPLDs

---- Source Options
Top Module Name                    : psk_modulator
Automatic FSM Extraction           : YES
FSM Encoding Algorithm             : Auto
Safe Implementation                : No
Mux Extraction                     : Yes
Resource Sharing                   : YES

---- Target Options
Add IO Buffers                     : YES
MACRO Preserve                     : YES
XOR Preserve                       : YES
Equivalent register Removal        : YES

---- General Options
Optimization Goal                  : Speed
Optimization Effort                : 1
Keep Hierarchy                     : Yes
Netlist Hierarchy                  : As_Optimized
RTL Output                         : Yes
Hierarchy Separator                : /
Bus Delimiter                      : <>
Case Specifier                     : Maintain
Verilog 2001                       : YES

---- Other Options
Clock Enable                       : YES
wysiwyg                            : NO

=========================================================================


=========================================================================
*                          HDL Compilation                              *
=========================================================================
Compiling verilog file "bpsk.v" in library work
Module <psk_modulator> compiled
No errors in compilation
Analysis of file <"psk_modulator.prj"> succeeded.
 

=========================================================================
*                     Design Hierarchy Analysis                         *
=========================================================================
Analyzing hierarchy for module <psk_modulator> in library <work> with parameters.
	DATA_SEQUENCE = "00001010111011000111110011010010000010101110110001111100110100100000101011101100011111001101001000001010111011000111110011010010"
	DIV_FACTOR_14K = "00000000000000000000001000100000"
	MAX_COUNT_14K = "00000000000000000000001000011111"
	TOGGLE_POINT_14K = "00000000000000000000000100010000"


=========================================================================
*                            HDL Analysis                               *
=========================================================================
Analyzing top module <psk_modulator>.
	DATA_SEQUENCE = 128'b00001010111011000111110011010010000010101110110001111100110100100000101011101100011111001101001000001010111011000111110011010010
	DIV_FACTOR_14K = 32'sb00000000000000000000001000100000
	MAX_COUNT_14K = 32'sb00000000000000000000001000011111
	TOGGLE_POINT_14K = 32'sb00000000000000000000000100010000
Module <psk_modulator> is correct for synthesis.
 

=========================================================================
*                           HDL Synthesis                               *
=========================================================================

Performing bidirectional port resolution...

Synthesizing Unit <psk_modulator>.
    Related source file is "bpsk.v".
WARNING:Xst:646 - Signal <clk_out_14k> is assigned but never used. This unconnected signal will be trimmed during the optimization process.
    Found 128x1-bit ROM for signal <$COND_3>.
    Found 1-bit register for signal <bpsk_out>.
    Found 1-bit xor2 for signal <bpsk_out$xor0000> created at line 82.
    Found 1-bit register for signal <clk_out_3_84M>.
    Found 10-bit up counter for signal <counter_14k>.
    Found 8-bit up counter for signal <cycle_counter>.
    Summary:
	inferred   1 ROM(s).
	inferred   2 Counter(s).
	inferred   1 D-type flip-flop(s).
	inferred   1 Xor(s).
Unit <psk_modulator> synthesized.


=========================================================================
HDL Synthesis Report

Macro Statistics
# ROMs                                                 : 1
 128x1-bit ROM                                         : 1
# Counters                                             : 2
 10-bit up counter                                     : 1
 8-bit up counter                                      : 1
# Registers                                            : 2
 1-bit register                                        : 2
# Xors                                                 : 1
 1-bit xor2                                            : 1

=========================================================================

=========================================================================
*                       Advanced HDL Synthesis                          *
=========================================================================


=========================================================================
Advanced HDL Synthesis Report

Macro Statistics
# ROMs                                                 : 1
 128x1-bit ROM                                         : 1
# Counters                                             : 2
 10-bit up counter                                     : 1
 8-bit up counter                                      : 1
# Registers                                            : 1
 Flip-Flops                                            : 1

=========================================================================

=========================================================================
*                         Low Level Synthesis                           *
=========================================================================

Optimizing unit <psk_modulator> ...
  implementation constraint: INIT=r	 : clk_out_3_84M
  implementation constraint: INIT=r	 : bpsk_out
  implementation constraint: INIT=r	 : cycle_counter_7
  implementation constraint: INIT=r	 : cycle_counter_6
  implementation constraint: INIT=r	 : cycle_counter_5
  implementation constraint: INIT=r	 : cycle_counter_4
  implementation constraint: INIT=r	 : cycle_counter_3
  implementation constraint: INIT=r	 : cycle_counter_2
  implementation constraint: INIT=r	 : cycle_counter_1
  implementation constraint: INIT=r	 : cycle_counter_0
  implementation constraint: INIT=r	 : counter_14k_9
  implementation constraint: INIT=r	 : counter_14k_8
  implementation constraint: INIT=r	 : counter_14k_0
  implementation constraint: INIT=r	 : counter_14k_1
  implementation constraint: INIT=r	 : counter_14k_2
  implementation constraint: INIT=r	 : counter_14k_3
  implementation constraint: INIT=r	 : counter_14k_4
  implementation constraint: INIT=r	 : counter_14k_5
  implementation constraint: INIT=r	 : counter_14k_6
  implementation constraint: INIT=r	 : counter_14k_7

=========================================================================
*                           Partition Report                            *
=========================================================================

Partition Implementation Status
-------------------------------

  No Partitions were found in this design.

-------------------------------

=========================================================================
*                            Final Report                               *
=========================================================================
Final Results
RTL Top Level Output File Name     : psk_modulator.ngr
Top Level Output File Name         : psk_modulator
Output Format                      : NGC
Optimization Goal                  : Speed
Keep Hierarchy                     : Yes
Target Technology                  : CoolRunner2 CPLDs
Macro Preserve                     : YES
XOR Preserve                       : YES
Clock Enable                       : YES
wysiwyg                            : NO

Design Statistics
# IOs                              : 2

Cell Usage :
# BELS                             : 96
#      AND2                        : 38
#      AND3                        : 3
#      AND4                        : 1
#      GND                         : 1
#      INV                         : 29
#      OR2                         : 6
#      OR3                         : 1
#      XOR2                        : 17
# FlipFlops/Latches                : 20
#      FD                          : 12
#      FDCE                        : 8
# IO Buffers                       : 2
#      IBUF                        : 1
#      OBUF                        : 1
=========================================================================


Total REAL time to Xst completion: 1.00 secs
Total CPU time to Xst completion: 1.81 secs
 
--> 

Total memory usage is 4515168 kilobytes

Number of errors   :    0 (   0 filtered)
Number of warnings :    1 (   0 filtered)
Number of infos    :    0 (   0 filtered)

